<?xml version="1.0" encoding="UTF-8"?>
<!-- Generated by org.testng.reporters.JUnitReportReporter -->
<testsuite hostname="DESKTOP-LQCRJQ8" failures="0" tests="2" name="testPackageOne.TestClassOneTestTestNG" time="8.923" errors="0" timestamp="2021-07-16T19:22:07 IST" skipped="0">
  <testcase classname="testPackageOne.TestClassOneTestTestNG" name="test1" time="8.921"/>
  <system-out/>
  <testcase classname="testPackageOne.TestClassOneTestTestNG" name="test2" time="0.002"/>
  <system-out/>
</testsuite> <!-- testPackageOne.TestClassOneTestTestNG -->
